/*C11*/SET SCHEMA PUBLIC
drop table company if exists
drop table image if exists
drop table product if exists
drop table user if exists
create table company (id bigint generated by default as identity (start with 1), address varchar(255), category varchar(255), company_name varchar(255), postal_code varchar(255), primary key (id))
create table image (id bigint generated by default as identity (start with 1), date_created timestamp, descript varchar(255), file_name varchar(255), folder varchar(255), img_name varchar(255), product_id bigint, primary key (id))
create table product (id bigint generated by default as identity (start with 1), price double not null, prod_attrs varbinary(255), prod_category varchar(255), prod_id varchar(255), prod_name varchar(255), stock integer not null, company_id bigint, primary key (id))
create table user (id bigint generated by default as identity (start with 1), confirmed boolean not null, email varchar(255) not null, full_name varchar(255), password varchar(255), user_name varchar(255) not null, company_id bigint, primary key (id))
alter table company add constraint UKh7w1mkrsh1wcg5dkv6wrvam5m unique (company_name)
alter table user add constraint UKf9dvvibvpfsldnu8wh3enop4i unique (user_name, email)
alter table image add constraint FKgpextbyee3uk9u6o2381m7ft1 foreign key (product_id) references product
alter table product add constraint FKghawd5rtv8ok565nwpdyyuto9 foreign key (company_id) references company
alter table user add constraint FK2yuxsfrkkrnkn5emoobcnnc3r foreign key (company_id) references company
INSERT INTO USER VALUES(1,TRUE,'nxphi47@gmail.com','Nguyen Xuan Phi','123456','nxphi47',NULL)
INSERT INTO USER VALUES(2,TRUE,'chichi@gmail.com','Dang Lien Chi','123456','chigalic',NULL)
INSERT INTO USER VALUES(3,TRUE,'pppp@gmail.com','Nguyen Xuan Phuong','123456','phuong',NULL)
COMMIT
INSERT INTO COMPANY VALUES(1,'NTU','Books','Bookstore','637720')
INSERT INTO COMPANY VALUES(2,'NTU','Foods','Foodhunt','637720')
COMMIT
INSERT INTO PRODUCT VALUES(1,12.4E0,'aced0005737200116a6176612e7574696c2e486173684d61700507dac1c31660d103000246000a6c6f6164466163746f724900097468726573686f6c6478703f400000000000007708000000100000000078','science','prod_1','Quantum Physics',20,1)
INSERT INTO PRODUCT VALUES(2,12.224E0,'aced0005737200116a6176612e7574696c2e486173684d61700507dac1c31660d103000246000a6c6f6164466163746f724900097468726573686f6c6478703f400000000000007708000000100000000078','science','prod_2','ahaihaihia',50,1)
COMMIT
DELETE FROM USER WHERE ID=1
INSERT INTO USER VALUES(1,TRUE,'nxphi47@gmail.com','Nguyen Xuan Phi','123456','nxphi47',1)
COMMIT
INSERT INTO PRODUCT VALUES(3,123.0E0,NULL,'asdasd','prod_3','ahihi',1,1)
COMMIT
INSERT INTO PRODUCT VALUES(4,12.2E0,NULL,'h\u1ecdc t\u1eadp','prod_4','maths',4,1)
COMMIT
INSERT INTO IMAGE VALUES(1,NULL,'\u00e1dasd','coord.png','1','mainthumbail',1)
COMMIT
DELETE FROM IMAGE WHERE ID=1
INSERT INTO IMAGE VALUES(1,NULL,'\u00e1dasd','coord_1.png','1','mainthumbail',1)
COMMIT
